\BOOKMARK [1][-]{section.1}{Introduction}{}% 1
\BOOKMARK [1][-]{section.2}{ATLAS detector}{}% 2
\BOOKMARK [1][-]{section.3}{Monte Carlo Samples}{}% 3
\BOOKMARK [1][-]{section.4}{Object Definition}{}% 4
\BOOKMARK [2][-]{subsection.4.1}{Large-radius jet mass definitions}{section.4}% 5
\BOOKMARK [2][-]{subsection.4.2}{Large-radius jet mass definitions}{section.4}% 6
\BOOKMARK [3][-]{subsubsection.4.2.1}{Substructure: Grooming Techniques}{subsection.4.2}% 7
\BOOKMARK [3][-]{subsubsection.4.2.2}{Trimming}{subsection.4.2}% 8
\BOOKMARK [3][-]{subsubsection.4.2.3}{Calorimeter Mass}{subsection.4.2}% 9
\BOOKMARK [3][-]{subsubsection.4.2.4}{Track Mass}{subsection.4.2}% 10
\BOOKMARK [3][-]{subsubsection.4.2.5}{Performance Figure of Merit \(FoM\)}{subsection.4.2}% 11
\BOOKMARK [3][-]{subsubsection.4.2.6}{Gaussian Fit}{subsection.4.2}% 12
\BOOKMARK [3][-]{subsubsection.4.2.7}{InterQuantile-Range}{subsection.4.2}% 13
\BOOKMARK [2][-]{subsection.4.3}{Energy Correlation Functions}{section.4}% 14
\BOOKMARK [2][-]{subsection.4.4}{n-Subjettiness}{section.4}% 15
\BOOKMARK [2][-]{subsection.4.5}{N-Subjettiness}{section.4}% 16
\BOOKMARK [1][-]{section.5}{Track-assisted subjet mass}{}% 17
\BOOKMARK [2][-]{subsection.5.1}{Track-Assisted Mass \(mTA\)}{section.5}% 18
\BOOKMARK [2][-]{subsection.5.2}{Advantages and Limitation of mTA}{section.5}% 19
\BOOKMARK [3][-]{subsubsection.5.2.1}{Performance in W q'barq Decays}{subsection.5.2}% 20
\BOOKMARK [3][-]{subsubsection.5.2.2}{Performance in tq'barqb Decays}{subsection.5.2}% 21
\BOOKMARK [3][-]{subsubsection.5.2.3}{Performance in hbbarb Decays}{subsection.5.2}% 22
\BOOKMARK [2][-]{subsection.5.3}{The Track-Assisted Sub-jet Mass \(mTAS\)}{section.5}% 23
\BOOKMARK [2][-]{subsection.5.4}{Observable Definition: Inputs}{section.5}% 24
\BOOKMARK [3][-]{subsubsection.5.4.1}{Tracks}{subsection.5.4}% 25
\BOOKMARK [3][-]{subsubsection.5.4.2}{Sub-jets}{subsection.5.4}% 26
\BOOKMARK [2][-]{subsection.5.5}{Observable Definition: Procedure}{section.5}% 27
\BOOKMARK [2][-]{subsection.5.6}{Performance in W q'barq Decays}{section.5}% 28
\BOOKMARK [2][-]{subsection.5.7}{Performance in tq'barqb Decays}{section.5}% 29
\BOOKMARK [2][-]{subsection.5.8}{Performance in hbbarb Decays}{section.5}% 30
\BOOKMARK [2][-]{subsection.5.9}{Performance in QCD Multijet Events}{section.5}% 31
\BOOKMARK [2][-]{subsection.5.10}{Performance in Massive q'barq Decays with m=mt}{section.5}% 32
\BOOKMARK [2][-]{subsection.5.11}{Other Stability Quantifiers}{section.5}% 33
\BOOKMARK [2][-]{subsection.5.12}{Sub-jet Calibration}{section.5}% 34
\BOOKMARK [2][-]{subsection.5.13}{Preliminary Studies on Sub-jet Calibration}{section.5}% 35
\BOOKMARK [3][-]{subsubsection.5.13.1}{Perfect Calibration}{subsection.5.13}% 36
\BOOKMARK [3][-]{subsubsection.5.13.2}{Simple Sub-jet Calibration}{subsection.5.13}% 37
\BOOKMARK [2][-]{subsection.5.14}{Limitation of mTAS}{section.5}% 38
\BOOKMARK [2][-]{subsection.5.15}{Alternative Observable Definitions}{section.5}% 39
\BOOKMARK [1][-]{section.6}{Combining the mass observables}{}% 40
\BOOKMARK [2][-]{subsection.6.1}{Combination mTA-mcalo}{section.6}% 41
\BOOKMARK [2][-]{subsection.6.2}{Combination mTAS-mcalo}{section.6}% 42
\BOOKMARK [3][-]{subsubsection.6.2.1}{Procedure}{subsection.6.2}% 43
\BOOKMARK [2][-]{subsection.6.3}{Performance in W q'barq Decays}{section.6}% 44
\BOOKMARK [2][-]{subsection.6.4}{Performance in tq'barqb Decays}{section.6}% 45
\BOOKMARK [2][-]{subsection.6.5}{Performance in hbbarb Decays}{section.6}% 46
\BOOKMARK [1][-]{section.7}{Energy Correlation Functions and n-Subjettiness}{}% 47
\BOOKMARK [1][-]{section.8}{Conclusions \046 Outlook}{}% 48
\BOOKMARK [2][-]{subsection.8.1}{Jet mass observables}{section.8}% 49
\BOOKMARK [3][-]{subsubsection.8.1.1}{Outlook}{subsection.8.1}% 50
\BOOKMARK [2][-]{subsection.8.2}{Energy Correlation Functions and n-Subjettiness}{section.8}% 51
\BOOKMARK [0][-]{part*.31}{Appendix}{}% 52
\BOOKMARK [1][-]{appendix.A}{mTAS distributions, boosted W/Z}{part*.31}% 53
\BOOKMARK [1][-]{appendix.B}{mTAS distributions, boosted tops}{part*.31}% 54
\BOOKMARK [1][-]{appendix.C}{mTAS distributions, boosted higgs}{part*.31}% 55
\BOOKMARK [1][-]{appendix.D}{mcombTAS response distributions, boosted W/Z}{part*.31}% 56
\BOOKMARK [1][-]{appendix.E}{mcombTAS response distributions, boosted tops}{part*.31}% 57
\BOOKMARK [1][-]{appendix.F}{mcombTAS response distributions, Higgs}{part*.31}% 58
\BOOKMARK [0][-]{part*.269}{Auxiliary material}{}% 59
